A.C._Reed	76504615
A._A._Long	108651772
A._Craig_Copetas	112277389
A._Hays_Town	93635604
A._Owen_Aldridge	108208332
AM_(musician)	170151494
AZ_(rapper)	14967590
Aaron_Glantz	70794690
Aaron_Hobart	59872150
Aaron_Krach	43671720
Aasmund_Nordstoga	226360175
Aatish_Taseer	83517573
Ab_Jenkins	29425332
Abbas_Ibn_al-Ahnaf	90047960
Abby_May	67278497
Abd_al-Qahir_al-Jurjani	9918029
Abdolhossein_Zarrinkoob	188571388
Abdoulaye_Mamani	56613360
Abdul_Hamid_Lahori	77040323
Abdullah_Ahmed_Abdullah	46460912
Abdülaziz	122114473
Abel_Decaux	34650276
Abel_Ferrara	12486003
Abo_El_Seoud_El_Ebiary	124854473
Abraham_B._Hasbrouck	63891746
Abraham_Kaplan	122218121
Abraham_Raimbach	12578323
Abrahm_Lustgarten	4398109
Abram_Ioffe	10024694
Abu_Mansur_Maturidi	89281707
Abyale	19869978
Achille_Compagnoni	88403827
Adalbert_Krüger	30290947
Adam_Bernstein	120262993
Adam_Dutkiewicz	181992364

