A.C._Reed	76504615
A._A._Long	108651772
A._Craig_Copetas	112277389
A._Hays_Town	93635604
A._Owen_Aldridge	108208332
AM_(musician)	170151494
AZ_(rapper)	14967590
Aaron_Glantz	70794690
Aaron_Hobart	59872150
Aaron_Krach	43671720
Aasmund_Nordstoga	226360175
Aatish_Taseer	83517573
Ab_Jenkins	29425332
Abbas_Ibn_al-Ahnaf	90047960
Abby_May	67278497
Abd_al-Qahir_al-Jurjani	9918029
Abdolhossein_Zarrinkoob	188571388
Abdoulaye_Mamani	56613360
Abdul_Hamid_Lahori	77040323
Abdullah_Ahmed_Abdullah	46460912
Abdülaziz	122114473
Abel_Decaux	34650276
Abel_Ferrara	12486003
Abo_El_Seoud_El_Ebiary	124854473
Abraham_B._Hasbrouck	63891746
Abraham_Kaplan	122218121
Abraham_Raimbach	12578323
Abrahm_Lustgarten	4398109
Abram_Ioffe	10024694
Abu_Mansur_Maturidi	89281707
Abyale	19869978
Achille_Compagnoni	88403827
Adalbert_Krüger	30290947
Adam_Bernstein	120262993
Adam_Dutkiewicz	181992364
Adam_Galos	7438868
Adam_Harvey	9932822
Adam_Seybert	34798438
Adolf_Dassler	65195387
Adolf_Marks	23068541
Adolf_Schlatter	46885251
Adolf_Ziegler	28237631
Adolfo_Rivadeneyra	10101715
Adolfo_de_la_Huerta	60190333
Adomas_Varnas	3639041
Adrian_Fortescue_(priest)	64223649
Adrian_Vermeule	40563940
Adriana_Guerrini	30450924
Adrien_Hardy	107627189
Adrián_Rodríguez_(actor)	169529110
Adèle_Geras	85486571
Agah_Efendi	62651217
Agda_Montelius	38718839
Agnes_Maule_Machar	45646403
Agnes_de_Mille	100229701
Agrippa_d'Aubigné	56605227
Agustín_Gamarra	40488983
Ahmed_Arif	5730702
Aidan_Mitchell	49051283
Aimé_Bonpland	51750221
Aimé_Félix_Tschiffely	79082725
Aimée_du_Buc_de_Rivéry	10648054
Akhil_Sharma	74034664
Akihiko_Hirata	66675858
Akimi_Yoshida	15001053
Akira_Nishimori	51929775
Akira_Yamada	108245634
Akke_Kumlien	52494452
Aksel_Hennie	121856556
Al_Downing_(musician)	79952161
Al_Hall_(musician)	49412026
Al_Tinney	10039416
Alain_Le_Bussy	66596826
Alain_Savary	17229295
Alan_Brazil	65906751
Alan_Caddy	225092917
Alan_Haig-Brown	46032735
Alan_Merrill	79681428
Alan_W._Bishop	194115681
Alastair_Lansley	81266175
Alastair_Lynch	48752358
Alba_Bouwer	58176869
Albericus_de_Rosate	27203922
Albert_Christoph_Dies	22369241
Albert_G._Brown	70452159
Albert_Gilbert	222477421
Albert_Hofmann	91751646
Albert_Houthuesen	41029421
Albert_R._Anderson	91130377
Albert_S._Rogell	27267866
Albert_Speer	17343524
Albrecht_von_Graefe_(politician)	45096731
Albrecht_von_Kalckstein	50287353
Alda_Neves_da_Graça_do_Espírito_Santo	43019531
Aldo_Nova	68125574
Ale_Dee	102775080
Aleida_March	79156384
Alejandro_Amenábar	84998482
Aleksander_Zalewski	205159530
Aleksandr_Danilovich_Aleksandrov	69029400
Aleksandr_Ivanovich_Laktionov	96570878
