* 15:53, 13 September 2012 . [[A. A. Long]] added VIAF number 108651772
* 15:53, 13 September 2012 . [[A. Craig Copetas]] added VIAF number 112277389
* 15:54, 13 September 2012 . [[A. Hays Town]] added VIAF number 93635604
* 15:54, 13 September 2012 . [[A. Owen Aldridge]] added VIAF number 108208332
* 15:54, 13 September 2012 . [[AM (musician)]] added VIAF number 170151494
* 15:54, 13 September 2012 . [[Aaron Glantz]] added VIAF number 70794690
* 15:54, 13 September 2012 . [[Aaron Hobart]] added VIAF number 59872150
* 15:54, 13 September 2012 . [[Aaron Krach]] added VIAF number 43671720
* 15:55, 13 September 2012 . [[Aasmund Nordstoga]] added VIAF number 226360175
* 15:55, 13 September 2012 . [[Aatish Taseer]] added VIAF number 83517573
* 15:55, 13 September 2012 . [[Ab Jenkins]] added VIAF number 29425332
* 15:55, 13 September 2012 . [[Abbas Ibn al-Ahnaf]] added VIAF number 90047960
* 15:55, 13 September 2012 . [[Abby May]] added VIAF number 67278497
* 15:55, 13 September 2012 . [[Abd al-Qahir al-Jurjani]] added VIAF number 9918029
* 15:56, 13 September 2012 . [[Abdolhossein Zarrinkoob]] added VIAF number 188571388
* 15:56, 13 September 2012 . [[Abdul Hamid Lahori]] added VIAF number 77040323
* 15:56, 13 September 2012 . [[Abdullah Ahmed Abdullah]] added VIAF number 46460912
* 15:56, 13 September 2012 . [[Abo El Seoud El Ebiary]] added VIAF number 124854473
* 15:57, 13 September 2012 . [[Abraham B. Hasbrouck]] added VIAF number 63891746
* 15:57, 13 September 2012 . [[Abraham Kaplan]] added VIAF number 122218121
* 15:57, 13 September 2012 . [[Abraham Raimbach]] added VIAF number 12578323
* 15:57, 13 September 2012 . [[Abrahm Lustgarten]] added VIAF number 4398109
* 15:57, 13 September 2012 . [[Abu Mansur Maturidi]] added VIAF number 89281707
* 15:58, 13 September 2012 . [[Abyale]] added VIAF number 19869978
* 15:58, 13 September 2012 . [[Achille Compagnoni]] added VIAF number 88403827
* 15:58, 13 September 2012 . [[Adam Bernstein]] added VIAF number 120262993
* 15:58, 13 September 2012 . [[Adam Dutkiewicz]] added VIAF number 181992364
